<?xml version="1.0" encoding="UTF-8"?>
<testsuite name="MainTest" tests="2" skipped="0" failures="0" errors="0" timestamp="2017-05-15T12:43:19" hostname="jboss" time="0.156">
  <properties/>
  <testcase name="testCheckUrl" classname="MainTest" time="0.002"/>
  <testcase name="testConnection" classname="MainTest" time="0.153"/>
  <system-out><![CDATA[]]></system-out>
  <system-err><![CDATA[log4j:WARN No such property [maxSizeFile] in org.apache.log4j.DailyRollingFileAppender.
]]></system-err>
</testsuite>
